\BOOKMARK [1][-]{section.1}{Uvod}{}% 1
\BOOKMARK [2][-]{subsection.1.1}{Kratak\040opis\040sistema}{section.1}% 2
\BOOKMARK [2][-]{subsection.1.2}{Akteri}{section.1}% 3
\BOOKMARK [1][-]{section.2}{Analiza\040sistema}{}% 4
\BOOKMARK [2][-]{subsection.2.1}{Dijagram\040celog\040sistema}{section.2}% 5
\BOOKMARK [1][-]{section.3}{Sluchajevi\040upotrebe}{}% 6
\BOOKMARK [2][-]{subsection.3.1}{Komunikacija\040sa\040klijentom}{section.3}% 7
\BOOKMARK [3][-]{subsubsection.3.1.1}{Sluchaj\040uptrebe\040-\040Slanje\040zahteva\040za\040poslom}{subsection.3.1}% 8
\BOOKMARK [3][-]{subsubsection.3.1.2}{Sluchaj\040uptrebe\040-\040Odgovaranje\040na\040zahtev}{subsection.3.1}% 9
\BOOKMARK [2][-]{subsection.3.2}{Iznoshenje\040smec1a}{section.3}% 10
\BOOKMARK [3][-]{subsubsection.3.2.1}{Sluchaj\040uptrebe\040-\040Pravljenje\040radnih\040naloga}{subsection.3.2}% 11
\BOOKMARK [3][-]{subsubsection.3.2.2}{Sluchaj\040uptrebe\040-\040Iznoshenje\040smec1a\040na\040osnovu\040radnih\040naloga}{subsection.3.2}% 12
\BOOKMARK [3][-]{subsubsection.3.2.3}{Sluchaj\040uptrebe\040-\040Evidentiranje\040poslova}{subsection.3.2}% 13
\BOOKMARK [2][-]{subsection.3.3}{Upravljanje\040sluzhbom}{section.3}% 14
\BOOKMARK [3][-]{subsubsection.3.3.1}{Sluchaj\040uptrebe\040-\040Evidentiranje\040slobodnih\040dana}{subsection.3.3}% 15
\BOOKMARK [2][-]{subsection.3.4}{Magacioniranje}{section.3}% 16
\BOOKMARK [1][-]{section.4}{Administracija\040sistema}{}% 17
\BOOKMARK [1][-]{section.5}{Klase\040podataka}{}% 18
\BOOKMARK [1][-]{section.6}{Prototipovi}{}% 19
\BOOKMARK [1][-]{section.7}{Zakljuchak}{}% 20
\BOOKMARK [1][-]{section.8}{Reference}{}% 21
